Performing C SOURCE FILE Test CMAKE_HAVE_LIBC_PTHREAD failed with the following output:
Change Dir: /home/antonino/Workspace/C++/CppND-Route-Planning-Project/CMakeFiles/CMakeTmp

Run Build Command(s):/usr/bin/make cmTC_9fc4f/fast && /usr/bin/make -f CMakeFiles/cmTC_9fc4f.dir/build.make CMakeFiles/cmTC_9fc4f.dir/build
make[1]: ingresso nella directory "/home/antonino/Workspace/C++/CppND-Route-Planning-Project/CMakeFiles/CMakeTmp"
Building C object CMakeFiles/cmTC_9fc4f.dir/src.c.o
/usr/bin/cc   -DCMAKE_HAVE_LIBC_PTHREAD   -o CMakeFiles/cmTC_9fc4f.dir/src.c.o   -c /home/antonino/Workspace/C++/CppND-Route-Planning-Project/CMakeFiles/CMakeTmp/src.c
Linking C executable cmTC_9fc4f
/home/antonino/.local/share/JetBrains/Toolbox/apps/CLion/ch-0/201.7223.86/bin/cmake/linux/bin/cmake -E cmake_link_script CMakeFiles/cmTC_9fc4f.dir/link.txt --verbose=1
/usr/bin/cc  -DCMAKE_HAVE_LIBC_PTHREAD    -rdynamic CMakeFiles/cmTC_9fc4f.dir/src.c.o  -o cmTC_9fc4f 
/usr/bin/ld: CMakeFiles/cmTC_9fc4f.dir/src.c.o: in function `main':
src.c:(.text+0x46): undefined reference to `pthread_create'
/usr/bin/ld: src.c:(.text+0x52): undefined reference to `pthread_detach'
/usr/bin/ld: src.c:(.text+0x63): undefined reference to `pthread_join'
collect2: error: ld returned 1 exit status
make[1]: *** [CMakeFiles/cmTC_9fc4f.dir/build.make:87: cmTC_9fc4f] Error 1
make[1]: uscita dalla directory "/home/antonino/Workspace/C++/CppND-Route-Planning-Project/CMakeFiles/CMakeTmp"
make: *** [Makefile:121: cmTC_9fc4f/fast] Error 2


Source file was:
#include <pthread.h>

void* test_func(void* data)
{
  return data;
}

int main(void)
{
  pthread_t thread;
  pthread_create(&thread, NULL, test_func, NULL);
  pthread_detach(thread);
  pthread_join(thread, NULL);
  pthread_atfork(NULL, NULL, NULL);
  pthread_exit(NULL);

  return 0;
}

Determining if the function pthread_create exists in the pthreads failed with the following output:
Change Dir: /home/antonino/Workspace/C++/CppND-Route-Planning-Project/CMakeFiles/CMakeTmp

Run Build Command(s):/usr/bin/make cmTC_a6106/fast && /usr/bin/make -f CMakeFiles/cmTC_a6106.dir/build.make CMakeFiles/cmTC_a6106.dir/build
make[1]: ingresso nella directory "/home/antonino/Workspace/C++/CppND-Route-Planning-Project/CMakeFiles/CMakeTmp"
Building C object CMakeFiles/cmTC_a6106.dir/CheckFunctionExists.c.o
/usr/bin/cc   -DCHECK_FUNCTION_EXISTS=pthread_create   -o CMakeFiles/cmTC_a6106.dir/CheckFunctionExists.c.o   -c /home/antonino/.local/share/JetBrains/Toolbox/apps/CLion/ch-0/201.7223.86/bin/cmake/linux/share/cmake-3.16/Modules/CheckFunctionExists.c
Linking C executable cmTC_a6106
/home/antonino/.local/share/JetBrains/Toolbox/apps/CLion/ch-0/201.7223.86/bin/cmake/linux/bin/cmake -E cmake_link_script CMakeFiles/cmTC_a6106.dir/link.txt --verbose=1
/usr/bin/cc  -DCHECK_FUNCTION_EXISTS=pthread_create    -rdynamic CMakeFiles/cmTC_a6106.dir/CheckFunctionExists.c.o  -o cmTC_a6106  -lpthreads 
/usr/bin/ld: impossibile trovare -lpthreads
collect2: error: ld returned 1 exit status
make[1]: *** [CMakeFiles/cmTC_a6106.dir/build.make:87: cmTC_a6106] Error 1
make[1]: uscita dalla directory "/home/antonino/Workspace/C++/CppND-Route-Planning-Project/CMakeFiles/CMakeTmp"
make: *** [Makefile:121: cmTC_a6106/fast] Error 2



